
http://pastebin.com/raw.php?i=0zeHUqG0
http://pastebin.com/raw.php?i=1C2qw5ya
http://pastebin.com/raw.php?i=1YjtYZeH
http://pastebin.com/raw.php?i=24cCgGzc
http://pastebin.com/raw.php?i=2g7S19F7
http://pastebin.com/raw.php?i=2hSssjf8
http://pastebin.com/raw.php?i=2RSB51F2
http://pastebin.com/raw.php?i=5jSryADe
http://pastebin.com/raw.php?i=5PCex2nS
http://pastebin.com/raw.php?i=5zRfxvS3
http://pastebin.com/raw.php?i=7wcm5HZP
http://pastebin.com/raw.php?i=8QkDkggs
http://pastebin.com/raw.php?i=9HZPGmLk
http://pastebin.com/raw.php?i=a3ZNreFN
http://pastebin.com/raw.php?i=A5rmCvy9
http://pastebin.com/raw.php?i=advAbW7H
http://pastebin.com/raw.php?i=AYvYQDzR
http://pastebin.com/raw.php?i=bPbkbr1A
http://pastebin.com/raw.php?i=Cnw3JSEu
http://pastebin.com/raw.php?i=ERUhRafA
http://pastebin.com/raw.php?i=f909r0FJ
http://pastebin.com/raw.php?i=FHDaAt1W
http://pastebin.com/raw.php?i=FRYTH5wg
http://pastebin.com/raw.php?i=g4ba3DGD
http://pastebin.com/raw.php?i=gkZLxfZ6
http://pastebin.com/raw.php?i=GQJjB081
http://pastebin.com/raw.php?i=grF0t6VY
http://pastebin.com/raw.php?i=hds6Wz5C
http://pastebin.com/raw.php?i=hsDUvFBN
http://pastebin.com/raw.php?i=iVQk39tN
http://pastebin.com/raw.php?i=JBpiS9CR
http://pastebin.com/raw.php?i=jUscaL6h
http://pastebin.com/raw.php?i=k31PkzQH
http://pastebin.com/raw.php?i=KcuQ4qPT
http://pastebin.com/raw.php?i=mdBPxLhW
http://pastebin.com/raw.php?i=n1Z4XX3w
http://pastebin.com/raw.php?i=QavSD52X
http://pastebin.com/raw.php?i=QeqHv12U
http://pastebin.com/raw.php?i=qFYBp2Wv
http://pastebin.com/raw.php?i=sazidZ2a
http://pastebin.com/raw.php?i=sJgamaKM
http://pastebin.com/raw.php?i=SnGpUqXu
http://pastebin.com/raw.php?i=tBNi6TzZ
http://pastebin.com/raw.php?i=TSkNgVuc
http://pastebin.com/raw.php?i=UNC3efGk
http://pastebin.com/raw.php?i=V3dBUd6y
http://pastebin.com/raw.php?i=w29grSEL
http://pastebin.com/raw.php?i=XNdjt9dw
http://pastebin.com/raw.php?i=xsee3zWj
http://pastebin.com/raw.php?i=YERmabMV
http://pastebin.com/raw.php?i=YgUNucqV
http://pastebin.com/raw.php?i=Zff68yXS
ID's
Slexy
